<?xml version="1.0" encoding="UTF-8"?>
<testng-results ignored="0" total="1" passed="1" failed="0" skipped="0">
  <reporter-output>
  </reporter-output>
  <suite started-at="2025-01-21T08:31:23Z" name="Default suite" finished-at="2025-01-21T08:31:39Z" duration-ms="16067">
    <groups>
    </groups>
    <test started-at="2025-01-21T08:31:23Z" name="Default test" finished-at="2025-01-21T08:31:39Z" duration-ms="16067">
      <class name="Spotify.Oauth2.Playlists">
        <test-method signature="CreatePlaylist()[pri:0, instance:Spotify.Oauth2.Playlists@7c29adc8]" started-at="2025-01-21T08:31:23Z" name="CreatePlaylist" finished-at="2025-01-21T08:31:39Z" duration-ms="15733" status="PASS">
          <reporter-output>
          </reporter-output>
        </test-method> <!-- CreatePlaylist -->
      </class> <!-- Spotify.Oauth2.Playlists -->
    </test> <!-- Default test -->
  </suite> <!-- Default suite -->
</testng-results>
