<?xml version="1.0" encoding="UTF-8"?>
<testng-results ignored="0" total="1" passed="1" failed="0" skipped="0">
  <reporter-output>
  </reporter-output>
  <suite started-at="2024-12-10T09:53:24Z" name="Default suite" finished-at="2024-12-10T09:53:28Z" duration-ms="4194">
    <groups>
    </groups>
    <test started-at="2024-12-10T09:53:24Z" name="Default test" finished-at="2024-12-10T09:53:28Z" duration-ms="4194">
      <class name="Spotify.Oauth2.Playlists">
        <test-method signature="CreatePlaylist()[pri:0, instance:Spotify.Oauth2.Playlists@9d7ccfe]" started-at="2024-12-10T09:53:24Z" name="CreatePlaylist" finished-at="2024-12-10T09:53:28Z" duration-ms="4087" status="PASS">
          <reporter-output>
          </reporter-output>
        </test-method> <!-- CreatePlaylist -->
      </class> <!-- Spotify.Oauth2.Playlists -->
    </test> <!-- Default test -->
  </suite> <!-- Default suite -->
</testng-results>
